#
# There is insufficient memory for the Java Runtime Environment to continue.
# Native memory allocation (malloc) failed to allocate 32744 bytes for ChunkPool::allocate
# Possible reasons:
#   The system is out of physical RAM or swap space
#   The process is running with CompressedOops enabled, and the Java Heap may be blocking the growth of the native heap
# Possible solutions:
#   Reduce memory load on the system
#   Increase physical memory or swap space
#   Check if swap backing store is full
#   Decrease Java heap size (-Xmx/-Xms)
#   Decrease number of Java threads
#   Decrease Java thread stack sizes (-Xss)
#   Set larger code cache with -XX:ReservedCodeCacheSize=
#   JVM is running with Unscaled Compressed Oops mode in which the Java heap is
#     placed in the first 4GB address space. The Java Heap base address is the
#     maximum limit for the native heap growth. Please use -XX:HeapBaseMinAddress
#     to set the Java Heap base and to place the Java Heap above 4GB virtual address.
# This output file may be truncated or incomplete.
#
#  Out of Memory Error (arena.cpp:78), pid=39924, tid=67352
#
# JRE version: OpenJDK Runtime Environment JBR-17.0.8+7-1000.22-jcef (17.0.8+7) (build 17.0.8+7-b1000.22)
# Java VM: OpenJDK 64-Bit Server VM JBR-17.0.8+7-1000.22-jcef (17.0.8+7-b1000.22, mixed mode, tiered, compressed oops, compressed class ptrs, g1 gc, windows-amd64)
# No core dump will be written. Minidumps are not enabled by default on client versions of Windows
#

---------------  S U M M A R Y ------------

Command Line: git4idea.http.GitAskPassApp Password for 'https://avinashp22@github.com': 

Host: AMD Ryzen 5 5500U with Radeon Graphics         , 12 cores, 7G,  Windows 11 , 64 bit Build 22621 (10.0.22621.2506)
Time: Tue Jan 16 13:48:51 2024 GMT Standard Time elapsed time: 0.426706 seconds (0d 0h 0m 0s)

---------------  T H R E A D  ---------------

Current thread (0x000001e18a04d800):  JavaThread "C1 CompilerThread0" daemon [_thread_in_native, id=67352, stack(0x0000004115100000,0x0000004115200000)]


Current CompileTask:
C1:    426  443       3       sun.security.provider.ByteArrayAccess::b2iBig64 (231 bytes)

Stack: [0x0000004115100000,0x0000004115200000]
Native frames: (J=compiled Java code, j=interpreted, Vv=VM code, C=native code)
V  [jvm.dll+0x6852da]
V  [jvm.dll+0x844c84]
V  [jvm.dll+0x84659e]
V  [jvm.dll+0x846c03]
V  [jvm.dll+0x24b7cf]
V  [jvm.dll+0xac5dc]
V  [jvm.dll+0xac98c]
V  [jvm.dll+0x11e935]
V  [jvm.dll+0x17c49e]
V  [jvm.dll+0x17ca63]
V  [jvm.dll+0x1371b3]
V  [jvm.dll+0x136aaf]
V  [jvm.dll+0x136ce6]
V  [jvm.dll+0x13617a]
V  [jvm.dll+0x137e41]
V  [jvm.dll+0x22c9c8]
V  [jvm.dll+0x22a990]
V  [jvm.dll+0x7f9d3c]
V  [jvm.dll+0x7f415a]
V  [jvm.dll+0x684115]
C  [ucrtbase.dll+0x29363]
C  [KERNEL32.DLL+0x1257d]
C  [ntdll.dll+0x5aa58]


---------------  P R O C E S S  ---------------

Threads class SMR info:
_java_thread_list=0x000001e18a1b6160, length=12, elements={
0x000001e1ebc88ca0, 0x000001e1ff8965a0, 0x000001e1ff898140, 0x000001e18a00d990,
0x000001e18a00e260, 0x000001e18a00eb30, 0x000001e18a00f400, 0x000001e18a04ae30,
0x000001e18a04d800, 0x000001e18a060010, 0x000001e18a1d38c0, 0x000001e18a1e7de0
}

Java Threads: ( => current thread )
  0x000001e1ebc88ca0 JavaThread "main" [_thread_in_vm, id=56620, stack(0x0000004114300000,0x0000004114400000)]
  0x000001e1ff8965a0 JavaThread "Reference Handler" daemon [_thread_blocked, id=15672, stack(0x0000004114a00000,0x0000004114b00000)]
  0x000001e1ff898140 JavaThread "Finalizer" daemon [_thread_blocked, id=66884, stack(0x0000004114b00000,0x0000004114c00000)]
  0x000001e18a00d990 JavaThread "Signal Dispatcher" daemon [_thread_blocked, id=61956, stack(0x0000004114c00000,0x0000004114d00000)]
  0x000001e18a00e260 JavaThread "Attach Listener" daemon [_thread_blocked, id=59516, stack(0x0000004114d00000,0x0000004114e00000)]
  0x000001e18a00eb30 JavaThread "Service Thread" daemon [_thread_blocked, id=65692, stack(0x0000004114e00000,0x0000004114f00000)]
  0x000001e18a00f400 JavaThread "Monitor Deflation Thread" daemon [_thread_blocked, id=50072, stack(0x0000004114f00000,0x0000004115000000)]
  0x000001e18a04ae30 JavaThread "C2 CompilerThread0" daemon [_thread_in_native, id=12296, stack(0x0000004115000000,0x0000004115100000)]
=>0x000001e18a04d800 JavaThread "C1 CompilerThread0" daemon [_thread_in_native, id=67352, stack(0x0000004115100000,0x0000004115200000)]
  0x000001e18a060010 JavaThread "Sweeper thread" daemon [_thread_blocked, id=64232, stack(0x0000004115200000,0x0000004115300000)]
  0x000001e18a1d38c0 JavaThread "Notification Thread" daemon [_thread_blocked, id=62824, stack(0x0000004115300000,0x0000004115400000)]
  0x000001e18a1e7de0 JavaThread "Common-Cleaner" daemon [_thread_blocked, id=38272, stack(0x0000004115500000,0x0000004115600000)]

Other Threads:
  0x000001e1ff85b200 VMThread "VM Thread" [stack: 0x0000004114900000,0x0000004114a00000] [id=67320]
  0x000001e18a076af0 WatcherThread [stack: 0x0000004115400000,0x0000004115500000] [id=61680]
  0x000001e1ebce6950 GCTaskThread "GC Thread#0" [stack: 0x0000004114400000,0x0000004114500000] [id=2112]
  0x000001e1ebcf6430 ConcurrentGCThread "G1 Main Marker" [stack: 0x0000004114500000,0x0000004114600000] [id=43944]
  0x000001e1ebcf6d50 ConcurrentGCThread "G1 Conc#0" [stack: 0x0000004114600000,0x0000004114700000] [id=58568]
  0x000001e1ebd353d0 ConcurrentGCThread "G1 Refine#0" [stack: 0x0000004114700000,0x0000004114800000] [id=60348]
  0x000001e1ff714040 ConcurrentGCThread "G1 Service" [stack: 0x0000004114800000,0x0000004114900000] [id=38548]

Threads with active compile tasks:
C2 CompilerThread0      451  459       4       java.lang.String::substring (58 bytes)
C1 CompilerThread0      451  443       3       sun.security.provider.ByteArrayAccess::b2iBig64 (231 bytes)

VM state: not at safepoint (normal execution)

VM Mutex/Monitor currently owned by a thread: None

Heap address: 0x0000000089c00000, size: 1892 MB, Compressed Oops mode: 32-bit

CDS archive(s) not mapped
Compressed class space mapped at: 0x0000000100000000-0x0000000140000000, reserved size: 1073741824
Narrow klass base: 0x0000000000000000, Narrow klass shift: 3, Narrow klass range: 0x140000000

GC Precious Log:
 CPUs: 12 total, 12 available
 Memory: 7563M
 Large Page Support: Disabled
 NUMA Support: Disabled
 Compressed Oops: Enabled (32-bit)
 Heap Region Size: 1M
 Heap Min Capacity: 8M
 Heap Initial Capacity: 120M
 Heap Max Capacity: 1892M
 Pre-touch: Disabled
 Parallel Workers: 10
 Concurrent Workers: 3
 Concurrent Refinement Workers: 10
 Periodic GC: Disabled

Heap:
 garbage-first heap   total 122880K, used 4096K [0x0000000089c00000, 0x0000000100000000)
  region size 1024K, 6 young (6144K), 0 survivors (0K)
 Metaspace       used 10372K, committed 10496K, reserved 1114112K
  class space    used 990K, committed 1024K, reserved 1048576K

Heap Regions: E=young(eden), S=young(survivor), O=old, HS=humongous(starts), HC=humongous(continues), CS=collection set, F=free, OA=open archive, CA=closed archive, TAMS=top-at-mark-start (previous, next)
|   0|0x0000000089c00000, 0x0000000089c00000, 0x0000000089d00000|  0%| F|  |TAMS 0x0000000089c00000, 0x0000000089c00000| Untracked 
|   1|0x0000000089d00000, 0x0000000089d00000, 0x0000000089e00000|  0%| F|  |TAMS 0x0000000089d00000, 0x0000000089d00000| Untracked 
|   2|0x0000000089e00000, 0x0000000089e00000, 0x0000000089f00000|  0%| F|  |TAMS 0x0000000089e00000, 0x0000000089e00000| Untracked 
|   3|0x0000000089f00000, 0x0000000089f00000, 0x000000008a000000|  0%| F|  |TAMS 0x0000000089f00000, 0x0000000089f00000| Untracked 
|   4|0x000000008a000000, 0x000000008a000000, 0x000000008a100000|  0%| F|  |TAMS 0x000000008a000000, 0x000000008a000000| Untracked 
|   5|0x000000008a100000, 0x000000008a100000, 0x000000008a200000|  0%| F|  |TAMS 0x000000008a100000, 0x000000008a100000| Untracked 
|   6|0x000000008a200000, 0x000000008a200000, 0x000000008a300000|  0%| F|  |TAMS 0x000000008a200000, 0x000000008a200000| Untracked 
|   7|0x000000008a300000, 0x000000008a300000, 0x000000008a400000|  0%| F|  |TAMS 0x000000008a300000, 0x000000008a300000| Untracked 
|   8|0x000000008a400000, 0x000000008a400000, 0x000000008a500000|  0%| F|  |TAMS 0x000000008a400000, 0x000000008a400000| Untracked 
|   9|0x000000008a500000, 0x000000008a500000, 0x000000008a600000|  0%| F|  |TAMS 0x000000008a500000, 0x000000008a500000| Untracked 
|  10|0x000000008a600000, 0x000000008a600000, 0x000000008a700000|  0%| F|  |TAMS 0x000000008a600000, 0x000000008a600000| Untracked 
|  11|0x000000008a700000, 0x000000008a700000, 0x000000008a800000|  0%| F|  |TAMS 0x000000008a700000, 0x000000008a700000| Untracked 
|  12|0x000000008a800000, 0x000000008a800000, 0x000000008a900000|  0%| F|  |TAMS 0x000000008a800000, 0x000000008a800000| Untracked 
|  13|0x000000008a900000, 0x000000008a900000, 0x000000008aa00000|  0%| F|  |TAMS 0x000000008a900000, 0x000000008a900000| Untracked 
|  14|0x000000008aa00000, 0x000000008aa00000, 0x000000008ab00000|  0%| F|  |TAMS 0x000000008aa00000, 0x000000008aa00000| Untracked 
|  15|0x000000008ab00000, 0x000000008ab00000, 0x000000008ac00000|  0%| F|  |TAMS 0x000000008ab00000, 0x000000008ab00000| Untracked 
|  16|0x000000008ac00000, 0x000000008ac00000, 0x000000008ad00000|  0%| F|  |TAMS 0x000000008ac00000, 0x000000008ac00000| Untracked 
|  17|0x000000008ad00000, 0x000000008ad00000, 0x000000008ae00000|  0%| F|  |TAMS 0x000000008ad00000, 0x000000008ad00000| Untracked 
|  18|0x000000008ae00000, 0x000000008ae00000, 0x000000008af00000|  0%| F|  |TAMS 0x000000008ae00000, 0x000000008ae00000| Untracked 
|  19|0x000000008af00000, 0x000000008af00000, 0x000000008b000000|  0%| F|  |TAMS 0x000000008af00000, 0x000000008af00000| Untracked 
|  20|0x000000008b000000, 0x000000008b000000, 0x000000008b100000|  0%| F|  |TAMS 0x000000008b000000, 0x000000008b000000| Untracked 
|  21|0x000000008b100000, 0x000000008b100000, 0x000000008b200000|  0%| F|  |TAMS 0x000000008b100000, 0x000000008b100000| Untracked 
|  22|0x000000008b200000, 0x000000008b200000, 0x000000008b300000|  0%| F|  |TAMS 0x000000008b200000, 0x000000008b200000| Untracked 
|  23|0x000000008b300000, 0x000000008b300000, 0x000000008b400000|  0%| F|  |TAMS 0x000000008b300000, 0x000000008b300000| Untracked 
|  24|0x000000008b400000, 0x000000008b400000, 0x000000008b500000|  0%| F|  |TAMS 0x000000008b400000, 0x000000008b400000| Untracked 
|  25|0x000000008b500000, 0x000000008b500000, 0x000000008b600000|  0%| F|  |TAMS 0x000000008b500000, 0x000000008b500000| Untracked 
|  26|0x000000008b600000, 0x000000008b600000, 0x000000008b700000|  0%| F|  |TAMS 0x000000008b600000, 0x000000008b600000| Untracked 
|  27|0x000000008b700000, 0x000000008b700000, 0x000000008b800000|  0%| F|  |TAMS 0x000000008b700000, 0x000000008b700000| Untracked 
|  28|0x000000008b800000, 0x000000008b800000, 0x000000008b900000|  0%| F|  |TAMS 0x000000008b800000, 0x000000008b800000| Untracked 
|  29|0x000000008b900000, 0x000000008b900000, 0x000000008ba00000|  0%| F|  |TAMS 0x000000008b900000, 0x000000008b900000| Untracked 
|  30|0x000000008ba00000, 0x000000008ba00000, 0x000000008bb00000|  0%| F|  |TAMS 0x000000008ba00000, 0x000000008ba00000| Untracked 
|  31|0x000000008bb00000, 0x000000008bb00000, 0x000000008bc00000|  0%| F|  |TAMS 0x000000008bb00000, 0x000000008bb00000| Untracked 
|  32|0x000000008bc00000, 0x000000008bc00000, 0x000000008bd00000|  0%| F|  |TAMS 0x000000008bc00000, 0x000000008bc00000| Untracked 
|  33|0x000000008bd00000, 0x000000008bd00000, 0x000000008be00000|  0%| F|  |TAMS 0x000000008bd00000, 0x000000008bd00000| Untracked 
|  34|0x000000008be00000, 0x000000008be00000, 0x000000008bf00000|  0%| F|  |TAMS 0x000000008be00000, 0x000000008be00000| Untracked 
|  35|0x000000008bf00000, 0x000000008bf00000, 0x000000008c000000|  0%| F|  |TAMS 0x000000008bf00000, 0x000000008bf00000| Untracked 
|  36|0x000000008c000000, 0x000000008c000000, 0x000000008c100000|  0%| F|  |TAMS 0x000000008c000000, 0x000000008c000000| Untracked 
|  37|0x000000008c100000, 0x000000008c100000, 0x000000008c200000|  0%| F|  |TAMS 0x000000008c100000, 0x000000008c100000| Untracked 
|  38|0x000000008c200000, 0x000000008c200000, 0x000000008c300000|  0%| F|  |TAMS 0x000000008c200000, 0x000000008c200000| Untracked 
|  39|0x000000008c300000, 0x000000008c300000, 0x000000008c400000|  0%| F|  |TAMS 0x000000008c300000, 0x000000008c300000| Untracked 
|  40|0x000000008c400000, 0x000000008c400000, 0x000000008c500000|  0%| F|  |TAMS 0x000000008c400000, 0x000000008c400000| Untracked 
|  41|0x000000008c500000, 0x000000008c500000, 0x000000008c600000|  0%| F|  |TAMS 0x000000008c500000, 0x000000008c500000| Untracked 
|  42|0x000000008c600000, 0x000000008c600000, 0x000000008c700000|  0%| F|  |TAMS 0x000000008c600000, 0x000000008c600000| Untracked 
|  43|0x000000008c700000, 0x000000008c700000, 0x000000008c800000|  0%| F|  |TAMS 0x000000008c700000, 0x000000008c700000| Untracked 
|  44|0x000000008c800000, 0x000000008c800000, 0x000000008c900000|  0%| F|  |TAMS 0x000000008c800000, 0x000000008c800000| Untracked 
|  45|0x000000008c900000, 0x000000008c900000, 0x000000008ca00000|  0%| F|  |TAMS 0x000000008c900000, 0x000000008c900000| Untracked 
|  46|0x000000008ca00000, 0x000000008ca00000, 0x000000008cb00000|  0%| F|  |TAMS 0x000000008ca00000, 0x000000008ca00000| Untracked 
|  47|0x000000008cb00000, 0x000000008cb00000, 0x000000008cc00000|  0%| F|  |TAMS 0x000000008cb00000, 0x000000008cb00000| Untracked 
|  48|0x000000008cc00000, 0x000000008cc00000, 0x000000008cd00000|  0%| F|  |TAMS 0x000000008cc00000, 0x000000008cc00000| Untracked 
|  49|0x000000008cd00000, 0x000000008cd00000, 0x000000008ce00000|  0%| F|  |TAMS 0x000000008cd00000, 0x000000008cd00000| Untracked 
|  50|0x000000008ce00000, 0x000000008ce00000, 0x000000008cf00000|  0%| F|  |TAMS 0x000000008ce00000, 0x000000008ce00000| Untracked 
|  51|0x000000008cf00000, 0x000000008cf00000, 0x000000008d000000|  0%| F|  |TAMS 0x000000008cf00000, 0x000000008cf00000| Untracked 
|  52|0x000000008d000000, 0x000000008d000000, 0x000000008d100000|  0%| F|  |TAMS 0x000000008d000000, 0x000000008d000000| Untracked 
|  53|0x000000008d100000, 0x000000008d100000, 0x000000008d200000|  0%| F|  |TAMS 0x000000008d100000, 0x000000008d100000| Untracked 
|  54|0x000000008d200000, 0x000000008d200000, 0x000000008d300000|  0%| F|  |TAMS 0x000000008d200000, 0x000000008d200000| Untracked 
|  55|0x000000008d300000, 0x000000008d300000, 0x000000008d400000|  0%| F|  |TAMS 0x000000008d300000, 0x000000008d300000| Untracked 
|  56|0x000000008d400000, 0x000000008d400000, 0x000000008d500000|  0%| F|  |TAMS 0x000000008d400000, 0x000000008d400000| Untracked 
|  57|0x000000008d500000, 0x000000008d500000, 0x000000008d600000|  0%| F|  |TAMS 0x000000008d500000, 0x000000008d500000| Untracked 
|  58|0x000000008d600000, 0x000000008d600000, 0x000000008d700000|  0%| F|  |TAMS 0x000000008d600000, 0x000000008d600000| Untracked 
|  59|0x000000008d700000, 0x000000008d700000, 0x000000008d800000|  0%| F|  |TAMS 0x000000008d700000, 0x000000008d700000| Untracked 
|  60|0x000000008d800000, 0x000000008d800000, 0x000000008d900000|  0%| F|  |TAMS 0x000000008d800000, 0x000000008d800000| Untracked 
|  61|0x000000008d900000, 0x000000008d900000, 0x000000008da00000|  0%| F|  |TAMS 0x000000008d900000, 0x000000008d900000| Untracked 
|  62|0x000000008da00000, 0x000000008da00000, 0x000000008db00000|  0%| F|  |TAMS 0x000000008da00000, 0x000000008da00000| Untracked 
|  63|0x000000008db00000, 0x000000008db00000, 0x000000008dc00000|  0%| F|  |TAMS 0x000000008db00000, 0x000000008db00000| Untracked 
|  64|0x000000008dc00000, 0x000000008dc00000, 0x000000008dd00000|  0%| F|  |TAMS 0x000000008dc00000, 0x000000008dc00000| Untracked 
|  65|0x000000008dd00000, 0x000000008dd00000, 0x000000008de00000|  0%| F|  |TAMS 0x000000008dd00000, 0x000000008dd00000| Untracked 
|  66|0x000000008de00000, 0x000000008de00000, 0x000000008df00000|  0%| F|  |TAMS 0x000000008de00000, 0x000000008de00000| Untracked 
|  67|0x000000008df00000, 0x000000008df00000, 0x000000008e000000|  0%| F|  |TAMS 0x000000008df00000, 0x000000008df00000| Untracked 
|  68|0x000000008e000000, 0x000000008e000000, 0x000000008e100000|  0%| F|  |TAMS 0x000000008e000000, 0x000000008e000000| Untracked 
|  69|0x000000008e100000, 0x000000008e100000, 0x000000008e200000|  0%| F|  |TAMS 0x000000008e100000, 0x000000008e100000| Untracked 
|  70|0x000000008e200000, 0x000000008e200000, 0x000000008e300000|  0%| F|  |TAMS 0x000000008e200000, 0x000000008e200000| Untracked 
|  71|0x000000008e300000, 0x000000008e300000, 0x000000008e400000|  0%| F|  |TAMS 0x000000008e300000, 0x000000008e300000| Untracked 
|  72|0x000000008e400000, 0x000000008e400000, 0x000000008e500000|  0%| F|  |TAMS 0x000000008e400000, 0x000000008e400000| Untracked 
|  73|0x000000008e500000, 0x000000008e500000, 0x000000008e600000|  0%| F|  |TAMS 0x000000008e500000, 0x000000008e500000| Untracked 
|  74|0x000000008e600000, 0x000000008e600000, 0x000000008e700000|  0%| F|  |TAMS 0x000000008e600000, 0x000000008e600000| Untracked 
|  75|0x000000008e700000, 0x000000008e700000, 0x000000008e800000|  0%| F|  |TAMS 0x000000008e700000, 0x000000008e700000| Untracked 
|  76|0x000000008e800000, 0x000000008e800000, 0x000000008e900000|  0%| F|  |TAMS 0x000000008e800000, 0x000000008e800000| Untracked 
|  77|0x000000008e900000, 0x000000008e900000, 0x000000008ea00000|  0%| F|  |TAMS 0x000000008e900000, 0x000000008e900000| Untracked 
|  78|0x000000008ea00000, 0x000000008ea00000, 0x000000008eb00000|  0%| F|  |TAMS 0x000000008ea00000, 0x000000008ea00000| Untracked 
|  79|0x000000008eb00000, 0x000000008eb00000, 0x000000008ec00000|  0%| F|  |TAMS 0x000000008eb00000, 0x000000008eb00000| Untracked 
|  80|0x000000008ec00000, 0x000000008ec00000, 0x000000008ed00000|  0%| F|  |TAMS 0x000000008ec00000, 0x000000008ec00000| Untracked 
|  81|0x000000008ed00000, 0x000000008ed00000, 0x000000008ee00000|  0%| F|  |TAMS 0x000000008ed00000, 0x000000008ed00000| Untracked 
|  82|0x000000008ee00000, 0x000000008ee00000, 0x000000008ef00000|  0%| F|  |TAMS 0x000000008ee00000, 0x000000008ee00000| Untracked 
|  83|0x000000008ef00000, 0x000000008ef00000, 0x000000008f000000|  0%| F|  |TAMS 0x000000008ef00000, 0x000000008ef00000| Untracked 
|  84|0x000000008f000000, 0x000000008f000000, 0x000000008f100000|  0%| F|  |TAMS 0x000000008f000000, 0x000000008f000000| Untracked 
|  85|0x000000008f100000, 0x000000008f100000, 0x000000008f200000|  0%| F|  |TAMS 0x000000008f100000, 0x000000008f100000| Untracked 
|  86|0x000000008f200000, 0x000000008f200000, 0x000000008f300000|  0%| F|  |TAMS 0x000000008f200000, 0x000000008f200000| Untracked 
|  87|0x000000008f300000, 0x000000008f300000, 0x000000008f400000|  0%| F|  |TAMS 0x000000008f300000, 0x000000008f300000| Untracked 
|  88|0x000000008f400000, 0x000000008f400000, 0x000000008f500000|  0%| F|  |TAMS 0x000000008f400000, 0x000000008f400000| Untracked 
|  89|0x000000008f500000, 0x000000008f500000, 0x000000008f600000|  0%| F|  |TAMS 0x000000008f500000, 0x000000008f500000| Untracked 
|  90|0x000000008f600000, 0x000000008f600000, 0x000000008f700000|  0%| F|  |TAMS 0x000000008f600000, 0x000000008f600000| Untracked 
|  91|0x000000008f700000, 0x000000008f700000, 0x000000008f800000|  0%| F|  |TAMS 0x000000008f700000, 0x000000008f700000| Untracked 
|  92|0x000000008f800000, 0x000000008f800000, 0x000000008f900000|  0%| F|  |TAMS 0x000000008f800000, 0x000000008f800000| Untracked 
|  93|0x000000008f900000, 0x000000008f900000, 0x000000008fa00000|  0%| F|  |TAMS 0x000000008f900000, 0x000000008f900000| Untracked 
|  94|0x000000008fa00000, 0x000000008fa00000, 0x000000008fb00000|  0%| F|  |TAMS 0x000000008fa00000, 0x000000008fa00000| Untracked 
|  95|0x000000008fb00000, 0x000000008fb00000, 0x000000008fc00000|  0%| F|  |TAMS 0x000000008fb00000, 0x000000008fb00000| Untracked 
|  96|0x000000008fc00000, 0x000000008fc00000, 0x000000008fd00000|  0%| F|  |TAMS 0x000000008fc00000, 0x000000008fc00000| Untracked 
|  97|0x000000008fd00000, 0x000000008fd00000, 0x000000008fe00000|  0%| F|  |TAMS 0x000000008fd00000, 0x000000008fd00000| Untracked 
|  98|0x000000008fe00000, 0x000000008fe00000, 0x000000008ff00000|  0%| F|  |TAMS 0x000000008fe00000, 0x000000008fe00000| Untracked 
|  99|0x000000008ff00000, 0x000000008ff00000, 0x0000000090000000|  0%| F|  |TAMS 0x000000008ff00000, 0x000000008ff00000| Untracked 
| 100|0x0000000090000000, 0x0000000090000000, 0x0000000090100000|  0%| F|  |TAMS 0x0000000090000000, 0x0000000090000000| Untracked 
| 101|0x0000000090100000, 0x0000000090100000, 0x0000000090200000|  0%| F|  |TAMS 0x0000000090100000, 0x0000000090100000| Untracked 
| 102|0x0000000090200000, 0x0000000090200000, 0x0000000090300000|  0%| F|  |TAMS 0x0000000090200000, 0x0000000090200000| Untracked 
| 103|0x0000000090300000, 0x0000000090300000, 0x0000000090400000|  0%| F|  |TAMS 0x0000000090300000, 0x0000000090300000| Untracked 
| 104|0x0000000090400000, 0x0000000090400000, 0x0000000090500000|  0%| F|  |TAMS 0x0000000090400000, 0x0000000090400000| Untracked 
| 105|0x0000000090500000, 0x0000000090500000, 0x0000000090600000|  0%| F|  |TAMS 0x0000000090500000, 0x0000000090500000| Untracked 
| 106|0x0000000090600000, 0x0000000090600000, 0x0000000090700000|  0%| F|  |TAMS 0x0000000090600000, 0x0000000090600000| Untracked 
| 107|0x0000000090700000, 0x0000000090700000, 0x0000000090800000|  0%| F|  |TAMS 0x0000000090700000, 0x0000000090700000| Untracked 
| 108|0x0000000090800000, 0x0000000090800000, 0x0000000090900000|  0%| F|  |TAMS 0x0000000090800000, 0x0000000090800000| Untracked 
| 109|0x0000000090900000, 0x0000000090900000, 0x0000000090a00000|  0%| F|  |TAMS 0x0000000090900000, 0x0000000090900000| Untracked 
| 110|0x0000000090a00000, 0x0000000090a00000, 0x0000000090b00000|  0%| F|  |TAMS 0x0000000090a00000, 0x0000000090a00000| Untracked 
| 111|0x0000000090b00000, 0x0000000090b00000, 0x0000000090c00000|  0%| F|  |TAMS 0x0000000090b00000, 0x0000000090b00000| Untracked 
| 112|0x0000000090c00000, 0x0000000090c00000, 0x0000000090d00000|  0%| F|  |TAMS 0x0000000090c00000, 0x0000000090c00000| Untracked 
| 113|0x0000000090d00000, 0x0000000090d00000, 0x0000000090e00000|  0%| F|  |TAMS 0x0000000090d00000, 0x0000000090d00000| Untracked 
| 114|0x0000000090e00000, 0x0000000090e9a6f0, 0x0000000090f00000| 60%| E|  |TAMS 0x0000000090e00000, 0x0000000090e00000| Complete 
| 115|0x0000000090f00000, 0x0000000091000000, 0x0000000091000000|100%| E|CS|TAMS 0x0000000090f00000, 0x0000000090f00000| Complete 
| 116|0x0000000091000000, 0x0000000091100000, 0x0000000091100000|100%| E|CS|TAMS 0x0000000091000000, 0x0000000091000000| Complete 
| 117|0x0000000091100000, 0x0000000091200000, 0x0000000091200000|100%| E|CS|TAMS 0x0000000091100000, 0x0000000091100000| Complete 
| 118|0x0000000091200000, 0x0000000091300000, 0x0000000091300000|100%| E|  |TAMS 0x0000000091200000, 0x0000000091200000| Complete 
| 119|0x0000000091300000, 0x0000000091400000, 0x0000000091400000|100%| E|CS|TAMS 0x0000000091300000, 0x0000000091300000| Complete 

Card table byte_map: [0x000001e1fed10000,0x000001e1ff0d0000] _byte_map_base: 0x000001e1fe8c2000

Marking Bits (Prev, Next): (CMBitMap*) 0x000001e1ebce6e80, (CMBitMap*) 0x000001e1ebce6ec0
 Prev Bits: [0x000001e180000000, 0x000001e181d90000)
 Next Bits: [0x000001e181d90000, 0x000001e183b20000)

Polling page: 0x000001e1eb440000

Metaspace:

Usage:
  Non-class:      9.26 MB used.
      Class:    999.87 KB used.
       Both:     10.24 MB used.

Virtual space:
  Non-class space:       64.00 MB reserved,       9.31 MB ( 15%) committed,  1 nodes.
      Class space:        1.00 GB reserved,       1.00 MB ( <1%) committed,  1 nodes.
             Both:        1.06 GB reserved,      10.31 MB ( <1%) committed. 

Chunk freelists:
   Non-Class:  6.32 MB
       Class:  15.00 MB
        Both:  21.32 MB

MaxMetaspaceSize: unlimited
CompressedClassSpaceSize: 1.00 GB
Initial GC threshold: 21.00 MB
Current GC threshold: 21.00 MB
CDS: off
MetaspaceReclaimPolicy: balanced
 - commit_granule_bytes: 65536.
 - commit_granule_words: 8192.
 - virtual_space_node_default_size: 8388608.
 - enlarge_chunks_in_place: 1.
 - new_chunks_are_fully_committed: 0.
 - uncommit_free_chunks: 1.
 - use_allocation_guard: 0.
 - handle_deallocations: 1.


Internal statistics:

num_allocs_failed_limit: 0.
num_arena_births: 40.
num_arena_deaths: 0.
num_vsnodes_births: 2.
num_vsnodes_deaths: 0.
num_space_committed: 165.
num_space_uncommitted: 0.
num_chunks_returned_to_freelist: 0.
num_chunks_taken_from_freelist: 86.
num_chunk_merges: 0.
num_chunk_splits: 48.
num_chunks_enlarged: 30.
num_inconsistent_stats: 0.

CodeHeap 'non-profiled nmethods': size=120000Kb used=131Kb max_used=131Kb free=119868Kb
 bounds [0x000001e1f6ec0000, 0x000001e1f7130000, 0x000001e1fe3f0000]
CodeHeap 'profiled nmethods': size=120000Kb used=620Kb max_used=620Kb free=119379Kb
 bounds [0x000001e1ef3f0000, 0x000001e1ef660000, 0x000001e1f6920000]
CodeHeap 'non-nmethods': size=5760Kb used=1143Kb max_used=1156Kb free=4617Kb
 bounds [0x000001e1f6920000, 0x000001e1f6b90000, 0x000001e1f6ec0000]
 total_blobs=883 nmethods=451 adapters=345
 compilation: enabled
              stopped_count=0, restarted_count=0
 full_count=0

Compilation events (20 events):
Event: 0.419 Thread 0x000001e18a04d800 nmethod 431 0x000001e1ef486c10 code [0x000001e1ef486e20, 0x000001e1ef4874f8]
Event: 0.419 Thread 0x000001e18a04d800  432       3       java.nio.charset.CharsetEncoder::replaceWith (89 bytes)
Event: 0.420 Thread 0x000001e18a04d800 nmethod 432 0x000001e1ef487690 code [0x000001e1ef4878c0, 0x000001e1ef4880b8]
Event: 0.420 Thread 0x000001e18a04d800  433       3       sun.nio.cs.SingleByte$Encoder::isLegalReplacement (28 bytes)
Event: 0.420 Thread 0x000001e18a04d800 nmethod 433 0x000001e1ef488390 code [0x000001e1ef488540, 0x000001e1ef488788]
Event: 0.420 Thread 0x000001e18a04d800  430       3       sun.nio.fs.WindowsDirectoryStream$WindowsDirectoryIterator::isSelfOrParent (24 bytes)
Event: 0.420 Thread 0x000001e18a04d800 nmethod 430 0x000001e1ef488890 code [0x000001e1ef488a40, 0x000001e1ef488c78]
Event: 0.420 Thread 0x000001e18a04d800  434       3       java.nio.charset.CharsetEncoder::<init> (16 bytes)
Event: 0.420 Thread 0x000001e18a04d800 nmethod 434 0x000001e1ef488d90 code [0x000001e1ef488f40, 0x000001e1ef489128]
Event: 0.420 Thread 0x000001e18a04d800  436       3       sun.security.provider.DigestBase::engineUpdate (189 bytes)
Event: 0.420 Thread 0x000001e18a04d800 nmethod 436 0x000001e1ef489210 code [0x000001e1ef489480, 0x000001e1ef48a138]
Event: 0.420 Thread 0x000001e18a04d800  435       3       sun.nio.cs.SingleByte$Encoder::implReplaceWith (8 bytes)
Event: 0.421 Thread 0x000001e18a04d800 nmethod 435 0x000001e1ef48a490 code [0x000001e1ef48a620, 0x000001e1ef48a758]
Event: 0.421 Thread 0x000001e18a04d800  429       3       sun.nio.fs.WindowsPathParser::isLetter (30 bytes)
Event: 0.421 Thread 0x000001e18a04d800 nmethod 429 0x000001e1ef48a810 code [0x000001e1ef48a9a0, 0x000001e1ef48ab98]
Event: 0.421 Thread 0x000001e18a04d800  442       3       java.lang.Integer::reverseBytes (28 bytes)
Event: 0.422 Thread 0x000001e18a04d800 nmethod 442 0x000001e1ef48ac10 code [0x000001e1ef48ada0, 0x000001e1ef48aeb8]
Event: 0.422 Thread 0x000001e18a04d800  444       3       jdk.internal.misc.Unsafe::convEndian (16 bytes)
Event: 0.422 Thread 0x000001e18a04d800 nmethod 444 0x000001e1ef48af90 code [0x000001e1ef48b120, 0x000001e1ef48b2f8]
Event: 0.422 Thread 0x000001e18a04d800  443       3       sun.security.provider.ByteArrayAccess::b2iBig64 (231 bytes)

GC Heap History (0 events):
No events

Dll operation events (1 events):
Event: 0.008 Loaded shared library C:\Program Files\JetBrains\IntelliJ IDEA Community Edition 2023.2.2\jbr\bin\java.dll

Deoptimization events (0 events):
No events

Classes unloaded (0 events):
No events

Classes redefined (0 events):
No events

Internal exceptions (9 events):
Event: 0.254 Thread 0x000001e1ebc88ca0 Exception <a 'sun/nio/fs/WindowsException'{0x00000000910079d8}> (0x00000000910079d8) 
thrown [s\src\hotspot\share\prims\jni.cpp, line 517]
Event: 0.274 Thread 0x000001e1ebc88ca0 Exception <a 'java/lang/NoSuchMethodError'{0x0000000091032f48}: 'int java.lang.invoke.DirectMethodHandle$Holder.invokeStaticInit(java.lang.Object, java.lang.Object, java.lang.Object, java.lang.Object)'> (0x0000000091032f48) 
thrown [s\src\hotspot\share\interpreter\linkResolver.cpp, line 771]
Event: 0.276 Thread 0x000001e1ebc88ca0 Exception <a 'java/lang/NoSuchMethodError'{0x000000009103dbe8}: 'java.lang.Object java.lang.invoke.DirectMethodHandle$Holder.invokeInterface(java.lang.Object, java.lang.Object)'> (0x000000009103dbe8) 
thrown [s\src\hotspot\share\interpreter\linkResolver.cpp, line 771]
Event: 0.276 Thread 0x000001e1ebc88ca0 Exception <a 'java/lang/IncompatibleClassChangeError'{0x0000000091041508}: Found class java.lang.Object, but interface was expected> (0x0000000091041508) 
thrown [s\src\hotspot\share\interpreter\linkResolver.cpp, line 838]
Event: 0.277 Thread 0x000001e1ebc88ca0 Exception <a 'java/lang/NoSuchMethodError'{0x00000000910448b8}: 'void java.lang.invoke.DirectMethodHandle$Holder.invokeStatic(java.lang.Object, java.lang.Object)'> (0x00000000910448b8) 
thrown [s\src\hotspot\share\interpreter\linkResolver.cpp, line 771]
Event: 0.278 Thread 0x000001e1ebc88ca0 Exception <a 'java/lang/NoSuchMethodError'{0x00000000910481d0}: 'void java.lang.invoke.DirectMethodHandle$Holder.invokeStaticInit(java.lang.Object, java.lang.Object)'> (0x00000000910481d0) 
thrown [s\src\hotspot\share\interpreter\linkResolver.cpp, line 771]
Event: 0.280 Thread 0x000001e1ebc88ca0 Exception <a 'java/lang/NoSuchMethodError'{0x000000009104ea68}: 'int java.lang.invoke.DirectMethodHandle$Holder.invokeStaticInit(java.lang.Object, java.lang.Object)'> (0x000000009104ea68) 
thrown [s\src\hotspot\share\interpreter\linkResolver.cpp, line 771]
Event: 0.329 Thread 0x000001e1ebc88ca0 Exception <a 'java/lang/NoSuchMethodError'{0x0000000090f35c78}: 'java.lang.Object java.lang.invoke.DirectMethodHandle$Holder.invokeStaticInit(java.lang.Object, int, int, int, int)'> (0x0000000090f35c78) 
thrown [s\src\hotspot\share\interpreter\linkResolver.cpp, line 771]
Event: 0.419 Thread 0x000001e1ebc88ca0 Exception <a 'java/lang/NoSuchMethodError'{0x0000000090fbfad8}: 'java.lang.Object java.lang.invoke.DirectMethodHandle$Holder.invokeStaticInit(java.lang.Object, java.lang.Object, int, int, int, int)'> (0x0000000090fbfad8) 
thrown [s\src\hotspot\share\interpreter\linkResolver.cpp, line 771]

VM Operations (6 events):
Event: 0.120 Executing VM operation: HandshakeAllThreads
Event: 0.120 Executing VM operation: HandshakeAllThreads done
Event: 0.136 Executing VM operation: HandshakeAllThreads
Event: 0.136 Executing VM operation: HandshakeAllThreads done
Event: 0.346 Executing VM operation: HandshakeAllThreads
Event: 0.346 Executing VM operation: HandshakeAllThreads done

Events (20 events):
Event: 0.348 loading class java/net/InetAddress$NameService done
Event: 0.348 loading class java/net/InetAddress$PlatformNameService done
Event: 0.348 loading class java/net/Inet4Address
Event: 0.348 loading class java/net/Inet4Address done
Event: 0.348 loading class java/net/Inet6Address
Event: 0.348 loading class java/net/Inet6Address done
Event: 0.348 loading class java/net/Inet6Address$Inet6AddressHolder
Event: 0.348 loading class java/net/Inet6Address$Inet6AddressHolder done
Event: 0.348 loading class java/net/DefaultInterface
Event: 0.348 loading class java/net/DefaultInterface done
Event: 0.361 loading class java/net/NetworkInterface$1
Event: 0.361 loading class java/net/NetworkInterface$1 done
Event: 0.408 loading class java/nio/file/Files$AcceptAllFilter
Event: 0.408 loading class java/nio/file/Files$AcceptAllFilter done
Event: 0.421 loading class sun/security/provider/AbstractDrbg$NonceProvider
Event: 0.421 loading class sun/security/provider/AbstractDrbg$NonceProvider done
Event: 0.421 loading class sun/security/provider/SHA2$SHA256
Event: 0.421 loading class sun/security/provider/SHA2
Event: 0.421 loading class sun/security/provider/SHA2 done
Event: 0.421 loading class sun/security/provider/SHA2$SHA256 done


Dynamic libraries:
0x00007ff6e09f0000 - 0x00007ff6e09fa000 	C:\Program Files\JetBrains\IntelliJ IDEA Community Edition 2023.2.2\jbr\bin\java.exe
0x00007ffecde30000 - 0x00007ffece047000 	C:\WINDOWS\SYSTEM32\ntdll.dll
0x00007ffeccdd0000 - 0x00007ffecce94000 	C:\WINDOWS\System32\KERNEL32.DLL
0x00007ffecb400000 - 0x00007ffecb7a6000 	C:\WINDOWS\System32\KERNELBASE.dll
0x00007ffecb2e0000 - 0x00007ffecb3f1000 	C:\WINDOWS\System32\ucrtbase.dll
0x00007ffebfb70000 - 0x00007ffebfb87000 	C:\Program Files\JetBrains\IntelliJ IDEA Community Edition 2023.2.2\jbr\bin\jli.dll
0x00007ffebf940000 - 0x00007ffebf95b000 	C:\Program Files\JetBrains\IntelliJ IDEA Community Edition 2023.2.2\jbr\bin\VCRUNTIME140.dll
0x00007ffeccfc0000 - 0x00007ffecd16e000 	C:\WINDOWS\System32\USER32.dll
0x00007ffecb240000 - 0x00007ffecb266000 	C:\WINDOWS\System32\win32u.dll
0x00007ffeb4e20000 - 0x00007ffeb50b3000 	C:\WINDOWS\WinSxS\amd64_microsoft.windows.common-controls_6595b64144ccf1df_6.0.22621.2506_none_270c5ae97388e100\COMCTL32.dll
0x00007ffecd8c0000 - 0x00007ffecd967000 	C:\WINDOWS\System32\msvcrt.dll
0x00007ffecc2c0000 - 0x00007ffecc2e9000 	C:\WINDOWS\System32\GDI32.dll
0x00007ffecba60000 - 0x00007ffecbb78000 	C:\WINDOWS\System32\gdi32full.dll
0x00007ffecb1a0000 - 0x00007ffecb23a000 	C:\WINDOWS\System32\msvcp_win.dll
0x00007ffecbc30000 - 0x00007ffecbc61000 	C:\WINDOWS\System32\IMM32.DLL
0x00007ffec8740000 - 0x00007ffec874c000 	C:\Program Files\JetBrains\IntelliJ IDEA Community Edition 2023.2.2\jbr\bin\vcruntime140_1.dll
0x00007ffe9c670000 - 0x00007ffe9c6fd000 	C:\Program Files\JetBrains\IntelliJ IDEA Community Edition 2023.2.2\jbr\bin\msvcp140.dll
0x00007ffe5c4e0000 - 0x00007ffe5d163000 	C:\Program Files\JetBrains\IntelliJ IDEA Community Edition 2023.2.2\jbr\bin\server\jvm.dll
0x00007ffecd340000 - 0x00007ffecd3f1000 	C:\WINDOWS\System32\ADVAPI32.dll
0x00007ffeccf10000 - 0x00007ffeccfb5000 	C:\WINDOWS\System32\sechost.dll
0x00007ffecd170000 - 0x00007ffecd287000 	C:\WINDOWS\System32\RPCRT4.dll
0x00007ffec82e0000 - 0x00007ffec82e9000 	C:\WINDOWS\SYSTEM32\WSOCK32.dll
0x00007ffec9fc0000 - 0x00007ffeca00d000 	C:\WINDOWS\SYSTEM32\POWRPROF.dll
0x00007ffecc2f0000 - 0x00007ffecc361000 	C:\WINDOWS\System32\WS2_32.dll
0x00007ffec3450000 - 0x00007ffec3484000 	C:\WINDOWS\SYSTEM32\WINMM.dll
0x00007ffec0b20000 - 0x00007ffec0b2a000 	C:\WINDOWS\SYSTEM32\VERSION.dll
0x00007ffec9fa0000 - 0x00007ffec9fb3000 	C:\WINDOWS\SYSTEM32\UMPDC.dll
0x00007ffeca260000 - 0x00007ffeca278000 	C:\WINDOWS\SYSTEM32\kernel.appcore.dll
0x00007ffec8cb0000 - 0x00007ffec8cba000 	C:\Program Files\JetBrains\IntelliJ IDEA Community Edition 2023.2.2\jbr\bin\jimage.dll
0x00007ffec7d10000 - 0x00007ffec7f43000 	C:\WINDOWS\SYSTEM32\DBGHELP.DLL
0x00007ffecbe30000 - 0x00007ffecc1b9000 	C:\WINDOWS\System32\combase.dll
0x00007ffecd7e0000 - 0x00007ffecd8b7000 	C:\WINDOWS\System32\OLEAUT32.dll
0x00007ffec7cc0000 - 0x00007ffec7cf2000 	C:\WINDOWS\SYSTEM32\dbgcore.DLL
0x00007ffecb9e0000 - 0x00007ffecba5a000 	C:\WINDOWS\System32\bcryptPrimitives.dll
0x00007ffec8800000 - 0x00007ffec8825000 	C:\Program Files\JetBrains\IntelliJ IDEA Community Edition 2023.2.2\jbr\bin\java.dll
0x00007ffec77c0000 - 0x00007ffec77d8000 	C:\Program Files\JetBrains\IntelliJ IDEA Community Edition 2023.2.2\jbr\bin\zip.dll
0x00007ffecc370000 - 0x00007ffeccbca000 	C:\WINDOWS\System32\SHELL32.dll
0x00007ffec9080000 - 0x00007ffec9976000 	C:\WINDOWS\SYSTEM32\windows.storage.dll
0x00007ffec8de0000 - 0x00007ffec8f1e000 	C:\WINDOWS\SYSTEM32\wintypes.dll
0x00007ffecc1c0000 - 0x00007ffecc2b3000 	C:\WINDOWS\System32\SHCORE.dll
0x00007ffeccd70000 - 0x00007ffeccdce000 	C:\WINDOWS\System32\shlwapi.dll
0x00007ffecb0d0000 - 0x00007ffecb0f6000 	C:\WINDOWS\SYSTEM32\profapi.dll
0x00007ffec5b90000 - 0x00007ffec5ba9000 	C:\Program Files\JetBrains\IntelliJ IDEA Community Edition 2023.2.2\jbr\bin\net.dll
0x00007ffec4aa0000 - 0x00007ffec4bd7000 	C:\WINDOWS\SYSTEM32\WINHTTP.dll
0x00007ffeca6f0000 - 0x00007ffeca759000 	C:\WINDOWS\system32\mswsock.dll
0x00007ffec5b70000 - 0x00007ffec5b86000 	C:\Program Files\JetBrains\IntelliJ IDEA Community Edition 2023.2.2\jbr\bin\nio.dll
0x00007ffec8770000 - 0x00007ffec877e000 	C:\Program Files\JetBrains\IntelliJ IDEA Community Edition 2023.2.2\jbr\bin\sunmscapi.dll
0x00007ffecb870000 - 0x00007ffecb9d6000 	C:\WINDOWS\System32\CRYPT32.dll
0x00007ffecab20000 - 0x00007ffecab4d000 	C:\WINDOWS\SYSTEM32\ncrypt.dll
0x00007ffecaae0000 - 0x00007ffecab17000 	C:\WINDOWS\SYSTEM32\NTASN1.dll
0x00007ffeca960000 - 0x00007ffeca97b000 	C:\WINDOWS\SYSTEM32\CRYPTSP.dll
0x00007ffeca1c0000 - 0x00007ffeca1f5000 	C:\WINDOWS\system32\rsaenh.dll
0x00007ffeca800000 - 0x00007ffeca82c000 	C:\WINDOWS\SYSTEM32\USERENV.dll
0x00007ffecab50000 - 0x00007ffecab78000 	C:\WINDOWS\SYSTEM32\bcrypt.dll
0x00007ffeca980000 - 0x00007ffeca98c000 	C:\WINDOWS\SYSTEM32\CRYPTBASE.dll
0x00007ffec9c90000 - 0x00007ffec9cbd000 	C:\WINDOWS\SYSTEM32\IPHLPAPI.DLL
0x00007ffecd450000 - 0x00007ffecd459000 	C:\WINDOWS\System32\NSI.dll
0x00007ffec6da0000 - 0x00007ffec6db9000 	C:\WINDOWS\SYSTEM32\dhcpcsvc6.DLL
0x00007ffec6d80000 - 0x00007ffec6d9f000 	C:\WINDOWS\SYSTEM32\dhcpcsvc.DLL
0x00007ffec9cc0000 - 0x00007ffec9db9000 	C:\WINDOWS\SYSTEM32\DNSAPI.dll

dbghelp: loaded successfully - version: 4.0.5 - missing functions: none
symbol engine: initialized successfully - sym options: 0x614 - pdb path: .;C:\Program Files\JetBrains\IntelliJ IDEA Community Edition 2023.2.2\jbr\bin;C:\WINDOWS\SYSTEM32;C:\WINDOWS\WinSxS\amd64_microsoft.windows.common-controls_6595b64144ccf1df_6.0.22621.2506_none_270c5ae97388e100;C:\Program Files\JetBrains\IntelliJ IDEA Community Edition 2023.2.2\jbr\bin\server

VM Arguments:
java_command: git4idea.http.GitAskPassApp Password for 'https://avinashp22@github.com': 
java_class_path (initial): C:/Program Files/JetBrains/IntelliJ IDEA Community Edition 2023.2.2/plugins/vcs-git/lib/git4idea-rt.jar;C:/Program Files/JetBrains/IntelliJ IDEA Community Edition 2023.2.2/lib/externalProcess-rt.jar
Launcher Type: SUN_STANDARD

[Global flags]
     intx CICompilerCount                          = 4                                         {product} {ergonomic}
     uint ConcGCThreads                            = 3                                         {product} {ergonomic}
     uint G1ConcRefinementThreads                  = 10                                        {product} {ergonomic}
   size_t G1HeapRegionSize                         = 1048576                                   {product} {ergonomic}
    uintx GCDrainStackTargetSize                   = 64                                        {product} {ergonomic}
   size_t InitialHeapSize                          = 125829120                                 {product} {ergonomic}
   size_t MarkStackSize                            = 4194304                                   {product} {ergonomic}
   size_t MaxHeapSize                              = 1983905792                                {product} {ergonomic}
   size_t MaxNewSize                               = 1190133760                                {product} {ergonomic}
   size_t MinHeapDeltaBytes                        = 1048576                                   {product} {ergonomic}
   size_t MinHeapSize                              = 8388608                                   {product} {ergonomic}
    uintx NonNMethodCodeHeapSize                   = 5839372                                {pd product} {ergonomic}
    uintx NonProfiledCodeHeapSize                  = 122909434                              {pd product} {ergonomic}
    uintx ProfiledCodeHeapSize                     = 122909434                              {pd product} {ergonomic}
    uintx ReservedCodeCacheSize                    = 251658240                              {pd product} {ergonomic}
     bool SegmentedCodeCache                       = true                                      {product} {ergonomic}
   size_t SoftMaxHeapSize                          = 1983905792                             {manageable} {ergonomic}
     bool UseCompressedClassPointers               = true                           {product lp64_product} {ergonomic}
     bool UseCompressedOops                        = true                           {product lp64_product} {ergonomic}
     bool UseG1GC                                  = true                                      {product} {ergonomic}
     bool UseLargePagesIndividualAllocation        = false                                  {pd product} {ergonomic}

Logging:
Log output configuration:
 #0: stdout all=warning uptime,level,tags
 #1: stderr all=off uptime,level,tags

Environment Variables:
JAVA_HOME=C:\Program Files\Java\jdk-17
PATH=C:\Program Files\Git\mingw64\libexec\git-core;C:\Program Files\Git\mingw64\libexec\git-core;C:\Program Files\Git\mingw64\bin;C:\Program Files\Git\usr\bin;C:\Users\Wilton\bin;C:\Program Files\Common Files\Oracle\Java\javapath;C:\WINDOWS\system32;C:\WINDOWS;C:\WINDOWS\System32\Wbem;C:\WINDOWS\System32\WindowsPowerShell\v1.0;C:\WINDOWS\System32\OpenSSH;C:\Program Files (x86)\QuickTime\QTSystem;C:\Program Files\Java\jdk-17\bin;C:\Program Files\Git\cmd;C:\Program Files\WinMerge;C:\Program Files\dotnet;C:\Program Files\Apache\apache-maven-3.9.5\bin;C:\Program Files\Docker\Docker\resources\bin;C:\Users\Wilton\AppData\Local\Microsoft\WindowsApps
USERNAME=Wilton
DISPLAY=:0.0
LC_ALL=en_US.UTF-8
TERM=xterm-256color
TMPDIR=C:\Users\Wilton\AppData\Local\Temp
OS=Windows_NT
PROCESSOR_IDENTIFIER=AMD64 Family 23 Model 104 Stepping 1, AuthenticAMD
TMP=C:\Users\Wilton\AppData\Local\Temp
TEMP=C:\Users\Wilton\AppData\Local\Temp


JNI global refs:
JNI global refs: 18, weak refs: 0

JNI global refs memory usage: 843, weak refs: 209

OOME stack traces (most recent first):
Classloader memory used:
Loader bootstrap                                                                       : 1280K
Loader jdk.internal.loader.ClassLoaders$PlatformClassLoader                            : 42102B
Loader jdk.internal.loader.ClassLoaders$AppClassLoader                                 : 1758B


---------------  S Y S T E M  ---------------

OS:
 Windows 11 , 64 bit Build 22621 (10.0.22621.2506)
OS uptime: 25 days 2:47 hours
Hyper-V role detected

CPU: total 12 (initial active 12) (12 cores per cpu, 2 threads per core) family 23 model 104 stepping 1 microcode 0x0, cx8, cmov, fxsr, ht, mmx, 3dnowpref, sse, sse2, sse3, ssse3, sse4a, sse4.1, sse4.2, popcnt, lzcnt, tsc, tscinvbit, avx, avx2, aes, clmul, bmi1, bmi2, adx, sha, fma, vzeroupper, clflush, clflushopt, hv
Processor Information for all 12 processors :
  Max Mhz: 2100, Current Mhz: 2100, Mhz Limit: 2100

Memory: 4k page, system-wide physical 7563M (318M free)
TotalPageFile size 31115M (AvailPageFile size 0M)
current process WorkingSet (physical memory assigned to process): 50M, peak: 50M
current process commit charge ("private bytes"): 209M, peak: 210M

vm_info: OpenJDK 64-Bit Server VM (17.0.8+7-b1000.22) for windows-amd64 JRE (17.0.8+7-b1000.22), built on 2023-09-02 by "builduser" with MS VC++ 16.10 / 16.11 (VS2019)

END.
